<?xml version="1.0" encoding="UTF-8"?>
<!-- Generated by org.testng.reporters.JUnitXMLReporter -->
<testsuite hostname="DESKTOP-VPGNVVF" ignored="3" name="Free CRM test App" tests="1" failures="0" timestamp="24 Jan 2019 20:27:59 GMT" time="22.7" errors="0">
  <testcase name="createNewContact" time="4.029" classname="com.crm.qa.testcases.ContactPageTest"/>
  <testcase name="selectmultipleName" time="0.0" classname="com.crm.qa.testcases.ContactPageTest">
    <ignored/>
  </testcase> <!-- selectmultipleName -->
  <testcase name="verifyLabelName" time="0.0" classname="com.crm.qa.testcases.ContactPageTest">
    <ignored/>
  </testcase> <!-- verifyLabelName -->
  <testcase name="selectName" time="0.0" classname="com.crm.qa.testcases.ContactPageTest">
    <ignored/>
  </testcase> <!-- selectName -->
</testsuite> <!-- Free CRM test App -->
