<?xml version="1.0" encoding="UTF-8"?>
<!-- Generated by org.testng.reporters.JUnitXMLReporter -->
<testsuite hostname="DESKTOP-VPGNVVF" ignored="0" name="Free CRM test App" tests="4" failures="1" timestamp="17 Feb 2019 11:58:06 GMT" time="56.737" errors="0">
  <testcase name="logintitleValidate" time="0.026" classname="com.crm.qa.testcases.LoginPageTest">
    <failure type="java.lang.AssertionError" message="expected [#1 Free CRM software in the cloud for sales and service] but found [CRMPRO Log In Screen]">
      <![CDATA[java.lang.AssertionError: expected [#1 Free CRM software in the cloud for sales and service] but found [CRMPRO Log In Screen]
	at com.crm.qa.testcases.LoginPageTest.logintitleValidate(LoginPageTest.java:30)
... Removed 31 stack frames]]>
    </failure>
  </testcase> <!-- logintitleValidate -->
  <testcase name="initialization" time="9.236" classname="com.crm.qa.base.TestBase"/>
  <testcase name="validateCRMLogo" time="0.128" classname="com.crm.qa.testcases.LoginPageTest"/>
  <testcase name="logintest" time="6.415" classname="com.crm.qa.testcases.LoginPageTest"/>
</testsuite> <!-- Free CRM test App -->
