<?xml version="1.0" encoding="UTF-8"?>
<!-- Generated by org.testng.reporters.JUnitXMLReporter -->
<testsuite hostname="DESKTOP-VPGNVVF" ignored="0" name="Free CRM test App12" tests="3" failures="0" timestamp="25 Feb 2019 20:00:50 GMT" time="63.58" errors="0">
  <testcase name="validateCRMLogo" time="5.05" classname="com.crm.qa.testcases.LoginPageTest"/>
  <testcase name="ValidateUserName" time="0.213" classname="com.crm.qa.testcases.HomePageTest"/>
  <testcase name="logintest" time="13.17" classname="com.crm.qa.testcases.LoginPageTest"/>
</testsuite> <!-- Free CRM test App12 -->
