<?xml version="1.0" encoding="UTF-8"?>
<testng-results skipped="0" failed="0" ignored="0" total="2" passed="2">
  <reporter-output>
  </reporter-output>
  <suite name="FreeCRMTestAutomation" duration-ms="34660" started-at="2019-02-24T08:32:22Z" finished-at="2019-02-24T08:32:57Z">
    <groups>
    </groups>
    <test name="Free CRM test App" duration-ms="34660" started-at="2019-02-24T08:32:22Z" finished-at="2019-02-24T08:32:57Z">
      <class name="com.crm.qa.testcases.LoginPageTest">
        <test-method status="PASS" signature="setup()[pri:0, instance:com.crm.qa.testcases.LoginPageTest@17550481]" name="setup" is-config="true" duration-ms="15700" started-at="2019-02-24T14:02:22Z" finished-at="2019-02-24T14:02:38Z">
          <reporter-output>
          </reporter-output>
        </test-method> <!-- setup -->
        <test-method status="PASS" signature="validateCRMLogo()[pri:1, instance:com.crm.qa.testcases.LoginPageTest@17550481]" name="validateCRMLogo" duration-ms="42" started-at="2019-02-24T14:02:38Z" finished-at="2019-02-24T14:02:38Z">
          <reporter-output>
          </reporter-output>
        </test-method> <!-- validateCRMLogo -->
        <test-method status="PASS" signature="tearDown()[pri:0, instance:com.crm.qa.testcases.LoginPageTest@17550481]" name="tearDown" is-config="true" duration-ms="619" started-at="2019-02-24T14:02:38Z" finished-at="2019-02-24T14:02:39Z">
          <reporter-output>
          </reporter-output>
        </test-method> <!-- tearDown -->
        <test-method status="PASS" signature="setup()[pri:0, instance:com.crm.qa.testcases.LoginPageTest@17550481]" name="setup" is-config="true" duration-ms="9275" started-at="2019-02-24T14:02:39Z" finished-at="2019-02-24T14:02:48Z">
          <reporter-output>
          </reporter-output>
        </test-method> <!-- setup -->
        <test-method status="PASS" signature="logintest()[pri:2, instance:com.crm.qa.testcases.LoginPageTest@17550481]" name="logintest" duration-ms="8383" started-at="2019-02-24T14:02:48Z" finished-at="2019-02-24T14:02:56Z">
          <reporter-output>
          </reporter-output>
        </test-method> <!-- logintest -->
        <test-method status="PASS" signature="tearDown()[pri:0, instance:com.crm.qa.testcases.LoginPageTest@17550481]" name="tearDown" is-config="true" duration-ms="619" started-at="2019-02-24T14:02:56Z" finished-at="2019-02-24T14:02:57Z">
          <reporter-output>
          </reporter-output>
        </test-method> <!-- tearDown -->
      </class> <!-- com.crm.qa.testcases.LoginPageTest -->
    </test> <!-- Free CRM test App -->
  </suite> <!-- FreeCRMTestAutomation -->
</testng-results>
