<?xml version="1.0" encoding="UTF-8"?>
<testng-results skipped="0" failed="0" ignored="3" total="4" passed="1">
  <reporter-output>
  </reporter-output>
  <suite name="FreeCRMTestAutomation" duration-ms="22700" started-at="2019-01-24T20:27:36Z" finished-at="2019-01-24T20:27:58Z">
    <groups>
    </groups>
    <test name="Free CRM test App" duration-ms="22700" started-at="2019-01-24T20:27:36Z" finished-at="2019-01-24T20:27:58Z">
      <class name="com.crm.qa.testcases.ContactPageTest">
        <test-method status="PASS" signature="setup()[pri:0, instance:com.crm.qa.testcases.ContactPageTest@4cc0edeb]" name="setup" is-config="true" duration-ms="17986" started-at="2019-01-25T01:57:36Z" finished-at="2019-01-25T01:57:54Z">
          <reporter-output>
          </reporter-output>
        </test-method> <!-- setup -->
        <test-method status="PASS" signature="createNewContact()[pri:4, instance:com.crm.qa.testcases.ContactPageTest@4cc0edeb]" name="createNewContact" duration-ms="4029" started-at="2019-01-25T01:57:54Z" finished-at="2019-01-25T01:57:58Z">
          <reporter-output>
          </reporter-output>
        </test-method> <!-- createNewContact -->
        <test-method status="PASS" signature="tearDown()[pri:0, instance:com.crm.qa.testcases.ContactPageTest@4cc0edeb]" name="tearDown" is-config="true" duration-ms="669" started-at="2019-01-25T01:57:58Z" finished-at="2019-01-25T01:57:58Z">
          <reporter-output>
          </reporter-output>
        </test-method> <!-- tearDown -->
      </class> <!-- com.crm.qa.testcases.ContactPageTest -->
    </test> <!-- Free CRM test App -->
  </suite> <!-- FreeCRMTestAutomation -->
</testng-results>
